----------------------------------------------------------------
Wed Apr 26 22:53:01 HST 2017:
Booting Derby version The Apache Software Foundation - Apache Derby - 10.11.1.2 - (1629631): instance a816c00e-015b-ae9d-1168-00000e14f9d0 
on database directory C:\Users\Ibrahim\workspace\Parallel\scatterData with class loader sun.misc.Launcher$AppClassLoader@73d16e93 
Loaded from file:/C:/Program%20Files/Java/jdk1.8.0_65/db/lib/derby.jar
java.vendor=Oracle Corporation
java.runtime.version=1.8.0_121-b13
user.dir=C:\Users\Ibrahim\workspace\Parallel
os.name=Windows 10
os.arch=amd64
os.version=10.0
derby.system.home=null
Database Class Loader started - derby.database.classpath=''
----------------------------------------------------------------
Wed Apr 26 22:53:36 HST 2017:
Booting Derby version The Apache Software Foundation - Apache Derby - 10.11.1.2 - (1629631): instance 08264012-015b-ae9d-1168-00000e14f9d0 
on database directory C:\Users\Ibrahim\workspace\Parallel\gradData with class loader sun.misc.Launcher$AppClassLoader@73d16e93 
Loaded from file:/C:/Program%20Files/Java/jdk1.8.0_65/db/lib/derby.jar
java.vendor=Oracle Corporation
java.runtime.version=1.8.0_121-b13
user.dir=C:\Users\Ibrahim\workspace\Parallel
os.name=Windows 10
os.arch=amd64
os.version=10.0
derby.system.home=null
Database Class Loader started - derby.database.classpath=''
----------------------------------------------------------------
Wed Apr 26 22:54:06 HST 2017:
Booting Derby version The Apache Software Foundation - Apache Derby - 10.11.1.2 - (1629631): instance 6839c016-015b-ae9d-1168-00000e14f9d0 
on database directory C:\Users\Ibrahim\workspace\Parallel\cs490R with class loader sun.misc.Launcher$AppClassLoader@73d16e93 
Loaded from file:/C:/Program%20Files/Java/jdk1.8.0_65/db/lib/derby.jar
java.vendor=Oracle Corporation
java.runtime.version=1.8.0_121-b13
user.dir=C:\Users\Ibrahim\workspace\Parallel
os.name=Windows 10
os.arch=amd64
os.version=10.0
derby.system.home=null
Database Class Loader started - derby.database.classpath=''
